\BOOKMARK [1][-]{section*.1}{\376\377\000.}{}% 1
\BOOKMARK [1][-]{section.1}{\376\377\004\022\004\101\004\102\004\103\004\077\004\073\004\065\004\075\004\070\004\065\000\040\004\070\000\040\004\060\004\072\004\102\004\103\004\060\004\073\004\114\004\075\004\076\004\101\004\102\004\114\000\040\004\102\004\065\004\074\004\113\000\040\004\070\004\101\004\101\004\073\004\065\004\064\004\076\004\062\004\060\004\075\004\070\004\117}{}% 2
\BOOKMARK [1][-]{section.2}{\376\377\004\036\004\061\004\067\004\076\004\100\000\040\004\073\004\070\004\102\004\065\004\100\004\060\004\102\004\103\004\100\004\113}{}% 3
\BOOKMARK [1][-]{section.3}{\376\377\004\045\004\076\004\064\000\040\004\100\004\060\004\067\004\100\004\060\004\061\004\076\004\102\004\072\004\070}{}% 4
\BOOKMARK [2][-]{subsection.3.1}{\376\377\004\036\004\061\004\111\004\060\004\117\000\040\004\101\004\105\004\065\004\074\004\060\000\040\004\070\004\101\004\102\004\076\004\107\004\075\004\070\004\072\004\060\000\040\000-\000\040\004\070\004\067\004\074\004\065\004\100\004\070\004\102\004\065\004\073\004\117}{section.3}% 5
\BOOKMARK [2][-]{subsection.3.2}{\376\377\004\042\004\065\004\105\004\075\004\070\004\107\004\065\004\101\004\072\004\076\004\065\000\040\004\067\004\060\004\064\004\060\004\075\004\070\004\065\000\040\004\064\004\073\004\117\000\040\004\070\004\101\004\102\004\076\004\107\004\075\004\070\004\072\004\060\000\040\000-\000\040\004\070\004\067\004\074\004\065\004\100\004\070\004\102\004\065\004\073\004\117}{section.3}% 6
\BOOKMARK [2][-]{subsection.3.3}{\376\377\004\036\004\061\004\067\004\076\004\100\000\040\004\100\004\060\004\061\004\076\004\102\004\113\000\040\004\072\004\076\004\075\004\062\004\065\004\071\004\065\004\100\004\075\004\076\004\063\004\076\000\040\004\020\004\046\004\037\000\040\000\050\000p\000i\000p\000e\000l\000i\000n\000e\000\040\000A\000D\000C\000\051}{section.3}% 7
\BOOKMARK [3][-]{subsubsection.3.3.1}{\376\377\004\041\004\100\004\060\004\062\004\075\004\070\004\102\004\065\004\073\004\114\004\075\004\113\004\071\000\040\004\060\004\075\004\060\004\073\004\070\004\067\000\040\004\072\004\076\004\075\004\062\004\065\004\071\004\065\004\100\004\075\004\076\004\063\004\076\000\040\004\020\004\046\004\037\000\040}{subsection.3.3}% 8
\BOOKMARK [1][-]{section.4}{\376\377\004\032\004\076\004\074\004\077\004\060\004\100\004\060\004\102\004\076\004\100}{}% 9
\BOOKMARK [2][-]{subsection.4.1}{\376\377\004\036\004\061\004\067\004\076\004\100\000\040\004\072\004\076\004\074\004\077\004\060\004\100\004\060\004\102\004\076\004\100\004\060}{section.4}% 10
\BOOKMARK [2][-]{subsection.4.2}{\376\377\004\037\004\076\004\073\004\103\004\107\004\065\004\075\004\075\004\113\004\065\000\040\004\100\004\065\004\067\004\103\004\073\004\114\004\102\004\060\004\102\004\113\000\040}{section.4}% 11
\BOOKMARK [1][-]{section.5}{\376\377\004\036\004\077\004\065\004\100\004\060\004\106\004\070\004\076\004\075\004\075\004\113\004\071\000\040\004\064\004\070\004\104\004\104\004\065\004\100\004\065\004\075\004\106\004\070\004\060\004\073\004\114\004\075\004\113\004\071\000\040\004\103\004\101\004\070\004\073\004\070\004\102\004\065\004\073\004\114}{}% 12
\BOOKMARK [2][-]{subsection.5.1}{\376\377\004\041\004\100\004\060\004\062\004\075\004\070\004\102\004\065\004\073\004\114\004\075\004\113\004\071\000\040\004\060\004\075\004\060\004\073\004\070\004\067\000\040\004\100\004\060\004\067\004\073\004\070\004\107\004\075\004\113\004\105\000\040\004\062\004\070\004\064\004\076\004\062\000\040\004\036\004\043}{section.5}% 13
\BOOKMARK [3][-]{subsubsection.5.1.1}{\376\377\004\036\004\043\000\040\004\074\004\070\004\073\004\073\004\065\004\100\004\060}{subsection.5.1}% 14
\BOOKMARK [3][-]{subsubsection.5.1.2}{\376\377\004\034\004\075\004\076\004\063\004\076\004\101\004\102\004\103\004\077\004\065\004\075\004\107\004\060\004\102\004\113\004\071\000\040\004\072\004\060\004\101\004\072\004\076\004\064\004\075\004\113\004\071\000\040\004\103\004\101\004\070\004\073\004\070\004\102\004\065\004\073\004\114}{subsection.5.1}% 15
\BOOKMARK [2][-]{subsection.5.2}{\376\377\004\030\004\067\004\103\004\107\004\065\004\075\004\070\004\065\000\040\004\077\004\100\004\065\004\064\004\073\004\076\004\066\004\065\004\075\004\075\004\076\004\071\000\040\004\101\004\105\004\065\004\074\004\113\000\040\004\103\004\101\004\102\004\100\004\076\004\071\004\101\004\102\004\062\004\060\000.}{section.5}% 16
\BOOKMARK [3][-]{subsubsection.5.2.1}{\376\377\004\041\004\102\004\060\004\061\004\070\004\073\004\114\004\075\004\076\004\101\004\102\004\114}{subsection.5.2}% 17
\BOOKMARK [2][-]{subsection.5.3}{\376\377\004\020\004\075\004\060\004\073\004\070\004\067\000\040\004\101\004\073\004\060\004\061\004\076\004\063\004\076\000\040\004\101\004\070\004\063\004\075\004\060\004\073\004\060\000\040}{section.5}% 18
\BOOKMARK [2][-]{subsection.5.4}{\376\377\004\040\004\065\004\067\004\103\004\073\004\114\004\102\004\060\004\102\004\113\000\040\004\100\004\060\004\061\004\076\004\102\004\113\000\040\004\103\004\101\004\070\004\073\004\070\004\102\004\065\004\073\004\117\000\040\004\061\004\065\004\067\000\040\004\076\004\061\004\100\004\060\004\102\004\075\004\076\004\071\000\040\004\101\004\062\004\117\004\067\004\070}{section.5}% 19
\BOOKMARK [3][-]{subsubsection.5.4.1}{\376\377\004\047\004\060\004\101\004\102\004\076\004\102\004\075\004\113\004\065\000\040\004\105\004\060\004\100\004\060\004\072\004\102\004\065\004\100\004\070\004\101\004\102\004\070\004\072\004\070}{subsection.5.4}% 20
\BOOKMARK [3][-]{subsubsection.5.4.2}{\376\377\004\041\004\100\004\060\004\062\004\075\004\065\004\075\004\070\004\065\000\040\004\101\000\040\004\064\004\100\004\103\004\063\004\070\004\074\004\070\000\040\004\100\004\060\004\061\004\076\004\102\004\060\004\074\004\070}{subsection.5.4}% 21
\BOOKMARK [2][-]{subsection.5.5}{\376\377\004\036\004\061\004\100\004\060\004\102\004\075\004\060\004\117\000\040\004\101\004\062\004\117\004\067\004\114\000\040\004\076\004\077\004\065\004\100\004\060\004\106\004\070\004\076\004\075\004\075\004\076\004\063\004\076\000\040\004\103\004\101\004\070\004\073\004\070\004\102\004\065\004\073\004\117}{section.5}% 22
\BOOKMARK [1][-]{section.6}{\376\377\000P\000V\000T\000\040\004\070\004\101\004\102\004\076\004\107\004\075\004\070\004\072\000\040\004\102\004\076\004\072\004\060}{}% 23
\BOOKMARK [2][-]{subsection.6.1}{\376\377\004\036\004\077\004\070\004\101\004\060\004\075\004\070\004\065\000\040\004\103\004\101\004\102\004\100\004\076\004\071\004\101\004\102\004\062\004\060\000\040\004\030\004\101\004\102\004\076\004\107\004\075\004\070\004\072\004\060\000\040\004\102\004\076\004\072\004\060\000\040}{section.6}% 24
\BOOKMARK [3][-]{subsubsection.6.1.1}{\376\377\004\030\004\102\004\076\004\063\004\076\004\062\004\060\004\117\000\040\004\101\004\105\004\065\004\074\004\060\000\040\004\070\000\040\004\065\004\065\000\040\004\060\004\075\004\060\004\073\004\070\004\067}{subsection.6.1}% 25
\BOOKMARK [3][-]{subsubsection.6.1.2}{\376\377\004\040\004\065\004\067\004\103\004\073\004\114\004\102\004\060\004\102\004\113\000\040\004\100\004\060\004\061\004\076\004\102\004\113\000\040\004\070\004\101\004\102\004\076\004\107\004\075\004\070\004\072\004\060}{subsection.6.1}% 26
\BOOKMARK [2][-]{subsection.6.2}{\376\377\004\022\004\113\004\062\004\076\004\064\004\113}{section.6}% 27
